
(gimp:6562): GLib-GObject-WARNING **: g_object_set_valist: object class 'GeglConfig' has no property named 'cache-size'

(gimp:6562): GEGL-gegl-operation.c-WARNING **: Cannot change name of operation class 0x8DFF358 from "gimp:point-layer-mode" to "gimp:dissolve-mode"

(gimp:6562): GEGL-gegl-operation.c-WARNING **: Cannot change name of operation class 0x8DFF5D8 from "gimp:point-layer-mode" to "gimp:behind-mode"

(gimp:6562): GEGL-gegl-operation.c-WARNING **: Cannot change name of operation class 0x8DFF7F0 from "gimp:point-layer-mode" to "gimp:multiply-mode"

(gimp:6562): GEGL-gegl-operation.c-WARNING **: Cannot change name of operation class 0x8DFFA00 from "gimp:point-layer-mode" to "gimp:screen-mode"

(gimp:6562): GEGL-gegl-operation.c-WARNING **: Cannot change name of operation class 0x8DFFBE8 from "gimp:point-layer-mode" to "gimp:overlay-mode"

(gimp:6562): GEGL-gegl-operation.c-WARNING **: Cannot change name of operation class 0x8E00028 from "gimp:point-layer-mode" to "gimp:difference-mode"

(gimp:6562): GEGL-gegl-operation.c-WARNING **: Cannot change name of operation class 0x8E00248 from "gimp:point-layer-mode" to "gimp:addition-mode"

(gimp:6562): GEGL-gegl-operation.c-WARNING **: Cannot change name of operation class 0x8E00488 from "gimp:point-layer-mode" to "gimp:subtract-mode"

(gimp:6562): GEGL-gegl-operation.c-WARNING **: Cannot change name of operation class 0x8E00688 from "gimp:point-layer-mode" to "gimp:darken-only-mode"

(gimp:6562): GEGL-gegl-operation.c-WARNING **: Cannot change name of operation class 0x8E008E8 from "gimp:point-layer-mode" to "gimp:lighten-only-mode"

(gimp:6562): GEGL-gegl-operation.c-WARNING **: Cannot change name of operation class 0x8E00AE0 from "gimp:point-layer-mode" to "gimp:hue-mode"

(gimp:6562): GEGL-gegl-operation.c-WARNING **: Cannot change name of operation class 0x8E00D28 from "gimp:point-layer-mode" to "gimp:saturation-mode"

(gimp:6562): GEGL-gegl-operation.c-WARNING **: Cannot change name of operation class 0x8E00F30 from "gimp:point-layer-mode" to "gimp:color-mode"

(gimp:6562): GEGL-gegl-operation.c-WARNING **: Cannot change name of operation class 0x8E01148 from "gimp:point-layer-mode" to "gimp:value-mode"

(gimp:6562): GEGL-gegl-operation.c-WARNING **: Cannot change name of operation class 0x8E01360 from "gimp:point-layer-mode" to "gimp:divide-mode"

(gimp:6562): GEGL-gegl-operation.c-WARNING **: Cannot change name of operation class 0x8E015C0 from "gimp:point-layer-mode" to "gimp:dodge-mode"

(gimp:6562): GEGL-gegl-operation.c-WARNING **: Cannot change name of operation class 0x8E01798 from "gimp:point-layer-mode" to "gimp:burn-mode"

(gimp:6562): GEGL-gegl-operation.c-WARNING **: Cannot change name of operation class 0x8E019E0 from "gimp:point-layer-mode" to "gimp:hardlight-mode"

(gimp:6562): GEGL-gegl-operation.c-WARNING **: Cannot change name of operation class 0x8E01BD8 from "gimp:point-layer-mode" to "gimp:softlight-mode"

(gimp:6562): GEGL-gegl-operation.c-WARNING **: Cannot change name of operation class 0x8E01E30 from "gimp:point-layer-mode" to "gimp:grain-extract-mode"

(gimp:6562): GEGL-gegl-operation.c-WARNING **: Cannot change name of operation class 0x8E02038 from "gimp:point-layer-mode" to "gimp:grain-merge-mode"

(gimp:6562): GEGL-gegl-operation.c-WARNING **: Cannot change name of operation class 0x8E02260 from "gimp:point-layer-mode" to "gimp:color-erase-mode"

(gimp:6562): GEGL-gegl-operation.c-WARNING **: Cannot change name of operation class 0x8E02480 from "gimp:point-layer-mode" to "gimp:erase-mode"

(gimp:6562): GEGL-gegl-operation.c-WARNING **: Cannot change name of operation class 0x8E02EB0 from "gimp:point-layer-mode" to "gimp:replace-mode"

(gimp:6562): GEGL-gegl-operation.c-WARNING **: Cannot change name of operation class 0x8E030B8 from "gimp:point-layer-mode" to "gimp:anti-erase-mode"
/home/vcs/.gimp-2.8/themes/CS6-black-1/imagerc:143: Unable to locate image file in pixmap_path: "IMG/Icons/stock-color-picker-grey-18.png"

(gimp:6562): Gtk-WARNING **: Unable to locate theme engine in module_path: "pixmap",

(gimp:6562): Gtk-WARNING **: Unable to locate theme engine in module_path: "pixmap",

(gimp:6562): Gtk-WARNING **: Unable to locate theme engine in module_path: "pixmap",

(gimp:6562): Gtk-WARNING **: Unable to locate theme engine in module_path: "pixmap",

(gimp:6562): Gtk-WARNING **: Unable to locate theme engine in module_path: "pixmap",

(gimp:6562): Gtk-WARNING **: Unable to locate theme engine in module_path: "pixmap",

(gimp:6562): Gtk-WARNING **: Unable to locate theme engine in module_path: "pixmap",

(gimp:6562): Gtk-WARNING **: Unable to locate theme engine in module_path: "pixmap",

(gimp:6562): Gtk-WARNING **: Unable to locate theme engine in module_path: "pixmap",

(gimp:6562): Gtk-WARNING **: Unable to locate theme engine in module_path: "pixmap",

(gimp:6562): Gtk-WARNING **: Unable to locate theme engine in module_path: "pixmap",

(gimp:6562): Gtk-WARNING **: Unable to locate theme engine in module_path: "pixmap",

(gimp:6562): Gtk-WARNING **: Unable to locate theme engine in module_path: "pixmap",
